[debug] [2023-04-06T04:11:55.021Z] ----------------------------------------------------------------------
[debug] [2023-04-06T04:11:55.023Z] Command:       C:\Program Files\nodejs\node.exe C:\Users\PREDATOR\AppData\Roaming\npm\node_modules\firebase-tools\lib\bin\firebase.js init
[debug] [2023-04-06T04:11:55.024Z] CLI Version:   11.25.3
[debug] [2023-04-06T04:11:55.024Z] Platform:      win32
[debug] [2023-04-06T04:11:55.025Z] Node Version:  v16.14.2
[debug] [2023-04-06T04:11:55.026Z] Time:          Thu Apr 06 2023 09:41:55 GMT+0530 (India Standard Time)
[debug] [2023-04-06T04:11:55.026Z] ----------------------------------------------------------------------
[debug] 
[debug] [2023-04-06T04:11:55.038Z] > command requires scopes: ["email","openid","https://www.googleapis.com/auth/cloudplatformprojects.readonly","https://www.googleapis.com/auth/firebase","https://www.googleapis.com/auth/cloud-platform"]
[debug] [2023-04-06T04:11:55.039Z] > authorizing via signed-in user (bhansaliakash84@gmail.com)
[info] 
     ######## #### ########  ######## ########     ###     ######  ########
     ##        ##  ##     ## ##       ##     ##  ##   ##  ##       ##
     ######    ##  ########  ######   ########  #########  ######  ######
     ##        ##  ##    ##  ##       ##     ## ##     ##       ## ##
     ##       #### ##     ## ######## ########  ##     ##  ######  ########

You're about to initialize a Firebase project in this directory:

  C:\Users\PREDATOR\Desktop\PST-Website\paso

[info] 
=== Project Setup
[info] 
[info] First, let's associate this project directory with a Firebase project.
[info] You can create multiple project aliases by running firebase use --add, 
[info] but for now we'll just set up a default project.
[info] 
[debug] [2023-04-06T04:12:09.730Z] >>> [apiv2][query] GET https://firebase.googleapis.com/v1beta1/projects pageSize=100
[debug] [2023-04-06T04:12:10.690Z] <<< [apiv2][status] GET https://firebase.googleapis.com/v1beta1/projects 200
[debug] [2023-04-06T04:12:10.691Z] <<< [apiv2][body] GET https://firebase.googleapis.com/v1beta1/projects [omitted]
[info] i  Using project poorn-swachalit-technologies (poorn-swachalit-technologies) 
[info] 
=== Hosting Setup
[info] 
[info] Your public directory is the folder (relative to your project directory) that
[info] will contain Hosting assets to be uploaded with firebase deploy. If you
[info] have a build process for your assets, use your build's output directory.
[info] 
[info] +  Wrote PASO/404.html 
[debug] [2023-04-06T04:12:46.793Z] >>> [apiv2][query] GET https://www.gstatic.com/firebasejs/releases.json [none]
[debug] [2023-04-06T04:12:46.903Z] <<< [apiv2][status] GET https://www.gstatic.com/firebasejs/releases.json 200
[debug] [2023-04-06T04:12:46.904Z] <<< [apiv2][body] GET https://www.gstatic.com/firebasejs/releases.json {"current":{"version":"9.19.1","browserURL":"https://www.gstatic.com/firebasejs/9.19.1/firebase.js","packageURL":"https://www.gstatic.com/firebasejs/9.19.1/firebase.tgz"},"live":{"version":"9.19","browserURL":"https://www.gstatic.com/firebasejs/live/9.19/firebase.js","packageURL":"https://www.gstatic.com/firebasejs/live/9.19/firebase.tgz"},"components":{"analytics":"https://www.gstatic.com/firebasejs/9.19.1/firebase-analytics.js","app":"https://www.gstatic.com/firebasejs/9.19.1/firebase-app.js","app-check":"https://www.gstatic.com/firebasejs/9.19.1/firebase-app-check.js","auth":"https://www.gstatic.com/firebasejs/9.19.1/firebase-auth.js","auth/cordova":"https://www.gstatic.com/firebasejs/9.19.1/firebase-auth/cordova.js","auth/react-native":"https://www.gstatic.com/firebasejs/9.19.1/firebase-auth/react-native.js","functions":"https://www.gstatic.com/firebasejs/9.19.1/firebase-functions.js","firestore":"https://www.gstatic.com/firebasejs/9.19.1/firebase-firestore.js","firestore/lite":"https://www.gstatic.com/firebasejs/9.19.1/firebase-firestore/lite.js","installations":"https://www.gstatic.com/firebasejs/9.19.1/firebase-installations.js","storage":"https://www.gstatic.com/firebasejs/9.19.1/firebase-storage.js","performance":"https://www.gstatic.com/firebasejs/9.19.1/firebase-performance.js","remote-config":"https://www.gstatic.com/firebasejs/9.19.1/firebase-remote-config.js","messaging":"https://www.gstatic.com/firebasejs/9.19.1/firebase-messaging.js","messaging/sw":"https://www.gstatic.com/firebasejs/9.19.1/firebase-messaging/sw.js","database":"https://www.gstatic.com/firebasejs/9.19.1/firebase-database.js","firestore.memory":"https://www.gstatic.com/firebasejs/9.19.1/firebase-firestore.memory.js"}}
[info] +  Wrote PASO/index.html 
[info] 
[info] i  Didn't detect a .git folder. Assuming C:\Users\PREDATOR\Desktop\PST-Website\paso is the project root. 
[info] i  Authorizing with GitHub to upload your service account to a GitHub repository's secrets store. 
[info] 
[info] Visit this URL on this device to log in:
[info] https://github.com/login/oauth/authorize?client_id=89cf50f02ac6aaed3484&state=21062629&redirect_uri=http%3A%2F%2Flocalhost%3A9005&scope=read%3Auser%20repo%20public_repo
[info] 
[info] Waiting for authentication...
[debug] [2023-04-06T04:13:08.188Z] >>> [apiv2][query] POST https://github.com/login/oauth/access_token [none]
[debug] [2023-04-06T04:13:08.189Z] >>> [apiv2][body] POST https://github.com/login/oauth/access_token [stream]
[debug] [2023-04-06T04:13:08.625Z] <<< [apiv2][status] POST https://github.com/login/oauth/access_token 200
[debug] [2023-04-06T04:13:08.626Z] <<< [apiv2][body] POST https://github.com/login/oauth/access_token {"access_token":"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","token_type":"bearer","scope":"read:user,repo"}
[debug] [2023-04-06T04:13:08.641Z] >>> [apiv2][query] GET https://api.github.com/user [none]
[debug] [2023-04-06T04:13:09.033Z] <<< [apiv2][status] GET https://api.github.com/user 200
[debug] [2023-04-06T04:13:09.034Z] <<< [apiv2][body] GET https://api.github.com/user {"login":"ASBJ021","id":35609643,"node_id":"MDQ6VXNlcjM1NjA5NjQz","avatar_url":"https://avatars.githubusercontent.com/u/35609643?v=4","gravatar_id":"","url":"https://api.github.com/users/ASBJ021","html_url":"https://github.com/ASBJ021","followers_url":"https://api.github.com/users/ASBJ021/followers","following_url":"https://api.github.com/users/ASBJ021/following{/other_user}","gists_url":"https://api.github.com/users/ASBJ021/gists{/gist_id}","starred_url":"https://api.github.com/users/ASBJ021/starred{/owner}{/repo}","subscriptions_url":"https://api.github.com/users/ASBJ021/subscriptions","organizations_url":"https://api.github.com/users/ASBJ021/orgs","repos_url":"https://api.github.com/users/ASBJ021/repos","events_url":"https://api.github.com/users/ASBJ021/events{/privacy}","received_events_url":"https://api.github.com/users/ASBJ021/received_events","type":"User","site_admin":false,"name":"Akash Bhansali","company":null,"blog":"","location":"Mumbai","email":null,"hireable":null,"bio":null,"twitter_username":null,"public_repos":8,"public_gists":1,"followers":0,"following":1,"created_at":"2018-01-19T18:29:55Z","updated_at":"2023-03-20T14:33:53Z","private_gists":0,"total_private_repos":2,"owned_private_repos":2,"disk_usage":28938,"collaborators":1,"two_factor_authentication":false,"plan":{"name":"free","space":976562499,"collaborators":0,"private_repos":10000}}
[info] 
[info] +  Success! Logged into GitHub as ASBJ021 
[info] 
